#
# There is insufficient memory for the Java Runtime Environment to continue.
# Native memory allocation (mmap) failed to map 100663296 bytes for G1 virtual space
# Possible reasons:
#   The system is out of physical RAM or swap space
#   The process is running with CompressedOops enabled, and the Java Heap may be blocking the growth of the native heap
# Possible solutions:
#   Reduce memory load on the system
#   Increase physical memory or swap space
#   Check if swap backing store is full
#   Decrease Java heap size (-Xmx/-Xms)
#   Decrease number of Java threads
#   Decrease Java thread stack sizes (-Xss)
#   Set larger code cache with -XX:ReservedCodeCacheSize=
#   JVM is running with Unscaled Compressed Oops mode in which the Java heap is
#     placed in the first 4GB address space. The Java Heap base address is the
#     maximum limit for the native heap growth. Please use -XX:HeapBaseMinAddress
#     to set the Java Heap base and to place the Java Heap above 4GB virtual address.
# This output file may be truncated or incomplete.
#
#  Out of Memory Error (os_windows.cpp:3829), pid=4164, tid=6776
#
# JRE version:  (17.0.8+7) (build )
# Java VM: OpenJDK 64-Bit Server VM (17.0.8+7-b1000.22, mixed mode, sharing, tiered, compressed oops, compressed class ptrs, g1 gc, windows-amd64)
# No core dump will be written. Minidumps are not enabled by default on client versions of Windows
#

---------------  S U M M A R Y ------------

Command Line: git4idea.http.GitAskPassApp Username for 'https://github.com': 

Host: AMD Ryzen 3 3250U with Radeon Graphics         , 4 cores, 5G,  Windows 11 , 64 bit Build 22621 (10.0.22621.2428)
Time: Mon Nov 13 12:42:16 2023 SE Asia Standard Time elapsed time: 0.030352 seconds (0d 0h 0m 0s)

---------------  T H R E A D  ---------------

Current thread (0x000002029e175380):  JavaThread "Unknown thread" [_thread_in_vm, id=6776, stack(0x00000022dd200000,0x00000022dd300000)]

Stack: [0x00000022dd200000,0x00000022dd300000]
Native frames: (J=compiled Java code, j=interpreted, Vv=VM code, C=native code)
V  [jvm.dll+0x6852da]
V  [jvm.dll+0x844c84]
V  [jvm.dll+0x84659e]
V  [jvm.dll+0x846c03]
V  [jvm.dll+0x24b7cf]
V  [jvm.dll+0x682049]
V  [jvm.dll+0x67671a]
V  [jvm.dll+0x30be2b]
V  [jvm.dll+0x3132d6]
V  [jvm.dll+0x36302e]
V  [jvm.dll+0x36325f]
V  [jvm.dll+0x2e1f48]
V  [jvm.dll+0x2e2eb4]
V  [jvm.dll+0x815c11]
V  [jvm.dll+0x370df1]
V  [jvm.dll+0x7f4fdc]
V  [jvm.dll+0x3f3f1f]
V  [jvm.dll+0x3f5b31]
C  [jli.dll+0x528f]
C  [ucrtbase.dll+0x29363]
C  [KERNEL32.DLL+0x1257d]
C  [ntdll.dll+0x5aa78]


---------------  P R O C E S S  ---------------

Threads class SMR info:
_java_thread_list=0x00007ffc33930098, length=0, elements={
}

Java Threads: ( => current thread )

Other Threads:
  0x000002029e1c0570 GCTaskThread "GC Thread#0" [stack: 0x00000022dd300000,0x00000022dd400000] [id=3596]
  0x000002029e1cd300 ConcurrentGCThread "G1 Main Marker" [stack: 0x00000022dd400000,0x00000022dd500000] [id=4268]
  0x000002029e1cdd10 ConcurrentGCThread "G1 Conc#0" [stack: 0x00000022dd500000,0x00000022dd600000] [id=4260]

[error occurred during error reporting (printing all threads), id 0xc0000005, EXCEPTION_ACCESS_VIOLATION (0xc0000005) at pc=0x00007ffc330e2ab7]

VM state: not at safepoint (not fully initialized)

VM Mutex/Monitor currently owned by a thread:  ([mutex/lock_event])
[0x000002029e16ffd0] Heap_lock - owner thread: 0x000002029e175380

Heap address: 0x00000000a0e00000, size: 1522 MB, Compressed Oops mode: 32-bit

CDS archive(s) mapped at: [0x0000000000000000-0x0000000000000000-0x0000000000000000), size 0, SharedBaseAddress: 0x0000000800000000, ArchiveRelocationMode: 1.
Narrow klass base: 0x0000000000000000, Narrow klass shift: 0, Narrow klass range: 0x0

GC Precious Log:
<Empty>

Heap:
 garbage-first heap   total 0K, used 0K [0x00000000a0e00000, 0x0000000100000000)
  region size 1024K, 0 young (0K), 0 survivors (0K)
 Metaspace       used 0K, committed 0K, reserved 0K
  class space    used 0K, committed 0K, reserved 0K

Heap Regions: E=young(eden), S=young(survivor), O=old, HS=humongous(starts), HC=humongous(continues), CS=collection set, F=free, OA=open archive, CA=closed archive, TAMS=top-at-mark-start (previous, next)

Card table byte_map: [0x00000202b0be0000,0x00000202b0ee0000] _byte_map_base: 0x00000202b06d9000

Marking Bits (Prev, Next): (CMBitMap*) 0x000002029e1c0b90, (CMBitMap*) 0x000002029e1c0bd0
 Prev Bits: [0x00000202b11e0000, 0x00000202b29a8000)
 Next Bits: [0x00000202b29b0000, 0x00000202b4178000)

GC Heap History (0 events):
No events

Dll operation events (1 events):
Event: 0.018 Loaded shared library C:\Program Files\JetBrains\IntelliJ IDEA Community Edition 2023.2.2\jbr\bin\java.dll

Deoptimization events (0 events):
No events

Classes unloaded (0 events):
No events

Classes redefined (0 events):
No events

Internal exceptions (0 events):
No events

VM Operations (0 events):
No events

Events (0 events):
No events


Dynamic libraries:
0x00007ff6ccc70000 - 0x00007ff6ccc7a000 	C:\Program Files\JetBrains\IntelliJ IDEA Community Edition 2023.2.2\jbr\bin\java.exe
0x00007ffc69970000 - 0x00007ffc69b87000 	C:\WINDOWS\SYSTEM32\ntdll.dll
0x00007ffc67f70000 - 0x00007ffc68034000 	C:\WINDOWS\System32\KERNEL32.DLL
0x00007ffc67140000 - 0x00007ffc674e6000 	C:\WINDOWS\System32\KERNELBASE.dll
0x00007ffc67020000 - 0x00007ffc67131000 	C:\WINDOWS\System32\ucrtbase.dll
0x00007ffc602e0000 - 0x00007ffc602f7000 	C:\Program Files\JetBrains\IntelliJ IDEA Community Edition 2023.2.2\jbr\bin\jli.dll
0x00007ffc4c3f0000 - 0x00007ffc4c40b000 	C:\Program Files\JetBrains\IntelliJ IDEA Community Edition 2023.2.2\jbr\bin\VCRUNTIME140.dll
0x00007ffc56dd0000 - 0x00007ffc57063000 	C:\WINDOWS\WinSxS\amd64_microsoft.windows.common-controls_6595b64144ccf1df_6.0.22621.2361_none_2712ced57382f843\COMCTL32.dll
0x00007ffc69800000 - 0x00007ffc698a7000 	C:\WINDOWS\System32\msvcrt.dll
0x00007ffc68120000 - 0x00007ffc68149000 	C:\WINDOWS\System32\GDI32.dll
0x00007ffc66f70000 - 0x00007ffc66f96000 	C:\WINDOWS\System32\win32u.dll
0x00007ffc66e50000 - 0x00007ffc66f68000 	C:\WINDOWS\System32\gdi32full.dll
0x00007ffc66cf0000 - 0x00007ffc66d8a000 	C:\WINDOWS\System32\msvcp_win.dll
0x00007ffc684a0000 - 0x00007ffc6864d000 	C:\WINDOWS\System32\USER32.dll
0x00007ffc68340000 - 0x00007ffc68371000 	C:\WINDOWS\System32\IMM32.DLL
0x00007ffc621a0000 - 0x00007ffc621ac000 	C:\Program Files\JetBrains\IntelliJ IDEA Community Edition 2023.2.2\jbr\bin\vcruntime140_1.dll
0x00007ffc35f90000 - 0x00007ffc3601d000 	C:\Program Files\JetBrains\IntelliJ IDEA Community Edition 2023.2.2\jbr\bin\msvcp140.dll
0x00007ffc32df0000 - 0x00007ffc33a73000 	C:\Program Files\JetBrains\IntelliJ IDEA Community Edition 2023.2.2\jbr\bin\server\jvm.dll
0x00007ffc68290000 - 0x00007ffc68340000 	C:\WINDOWS\System32\ADVAPI32.dll
0x00007ffc68660000 - 0x00007ffc68706000 	C:\WINDOWS\System32\sechost.dll
0x00007ffc67e50000 - 0x00007ffc67f67000 	C:\WINDOWS\System32\RPCRT4.dll
0x00007ffc66bc0000 - 0x00007ffc66c0d000 	C:\WINDOWS\SYSTEM32\POWRPROF.dll
0x00007ffc613a0000 - 0x00007ffc613aa000 	C:\WINDOWS\SYSTEM32\VERSION.dll
0x00007ffc5ff20000 - 0x00007ffc5ff54000 	C:\WINDOWS\SYSTEM32\WINMM.dll
0x00007ffc62590000 - 0x00007ffc62599000 	C:\WINDOWS\SYSTEM32\WSOCK32.dll
0x00007ffc68150000 - 0x00007ffc681c1000 	C:\WINDOWS\System32\ws2_32.DLL
0x00007ffc66ba0000 - 0x00007ffc66bb3000 	C:\WINDOWS\SYSTEM32\UMPDC.dll
0x00007ffc65d10000 - 0x00007ffc65d28000 	C:\WINDOWS\SYSTEM32\kernel.appcore.dll
0x00007ffc62580000 - 0x00007ffc6258a000 	C:\Program Files\JetBrains\IntelliJ IDEA Community Edition 2023.2.2\jbr\bin\jimage.dll
0x00007ffc5c090000 - 0x00007ffc5c2be000 	C:\WINDOWS\SYSTEM32\DBGHELP.DLL
0x00007ffc67910000 - 0x00007ffc67c9a000 	C:\WINDOWS\System32\combase.dll
0x00007ffc68040000 - 0x00007ffc68117000 	C:\WINDOWS\System32\OLEAUT32.dll
0x00007ffc4ef20000 - 0x00007ffc4ef52000 	C:\WINDOWS\SYSTEM32\dbgcore.DLL
0x00007ffc66fa0000 - 0x00007ffc6701a000 	C:\WINDOWS\System32\bcryptPrimitives.dll
0x00007ffc62230000 - 0x00007ffc62255000 	C:\Program Files\JetBrains\IntelliJ IDEA Community Edition 2023.2.2\jbr\bin\java.dll

dbghelp: loaded successfully - version: 4.0.5 - missing functions: none
symbol engine: initialized successfully - sym options: 0x614 - pdb path: .;C:\Program Files\JetBrains\IntelliJ IDEA Community Edition 2023.2.2\jbr\bin;C:\WINDOWS\SYSTEM32;C:\WINDOWS\WinSxS\amd64_microsoft.windows.common-controls_6595b64144ccf1df_6.0.22621.2361_none_2712ced57382f843;C:\Program Files\JetBrains\IntelliJ IDEA Community Edition 2023.2.2\jbr\bin\server

VM Arguments:
java_command: git4idea.http.GitAskPassApp Username for 'https://github.com': 
java_class_path (initial): C:/Program Files/JetBrains/IntelliJ IDEA Community Edition 2023.2.2/plugins/vcs-git/lib/git4idea-rt.jar;C:/Program Files/JetBrains/IntelliJ IDEA Community Edition 2023.2.2/lib/externalProcess-rt.jar
Launcher Type: SUN_STANDARD

[Global flags]
     intx CICompilerCount                          = 3                                         {product} {ergonomic}
     uint ConcGCThreads                            = 1                                         {product} {ergonomic}
     uint G1ConcRefinementThreads                  = 4                                         {product} {ergonomic}
   size_t G1HeapRegionSize                         = 1048576                                   {product} {ergonomic}
    uintx GCDrainStackTargetSize                   = 64                                        {product} {ergonomic}
   size_t InitialHeapSize                          = 100663296                                 {product} {ergonomic}
   size_t MarkStackSize                            = 4194304                                   {product} {ergonomic}
   size_t MaxHeapSize                              = 1595932672                                {product} {ergonomic}
   size_t MinHeapDeltaBytes                        = 1048576                                   {product} {ergonomic}
   size_t MinHeapSize                              = 8388608                                   {product} {ergonomic}
    uintx NonNMethodCodeHeapSize                   = 5832780                                {pd product} {ergonomic}
    uintx NonProfiledCodeHeapSize                  = 122912730                              {pd product} {ergonomic}
    uintx ProfiledCodeHeapSize                     = 122912730                              {pd product} {ergonomic}
    uintx ReservedCodeCacheSize                    = 251658240                              {pd product} {ergonomic}
     bool SegmentedCodeCache                       = true                                      {product} {ergonomic}
   size_t SoftMaxHeapSize                          = 1595932672                             {manageable} {ergonomic}
     bool UseCompressedClassPointers               = true                           {product lp64_product} {ergonomic}
     bool UseCompressedOops                        = true                           {product lp64_product} {ergonomic}
     bool UseG1GC                                  = true                                      {product} {ergonomic}
     bool UseLargePagesIndividualAllocation        = false                                  {pd product} {ergonomic}

Logging:
Log output configuration:
 #0: stdout all=warning uptime,level,tags
 #1: stderr all=off uptime,level,tags

Environment Variables:
PATH=C:\Program Files\Git\mingw64\libexec\git-core;C:\Program Files\Git\mingw64\libexec\git-core;C:\Program Files\Git\mingw64\bin;C:\Program Files\Git\usr\bin;C:\Users\acera\bin;C:\Program Files\Common Files\Oracle\Java\javapath;C:\WINDOWS\system32;C:\WINDOWS;C:\WINDOWS\System32\Wbem;C:\WINDOWS\System32\WindowsPowerShell\v1.0;C:\WINDOWS\System32\OpenSSH;C:\Program Files\MATLAB\MATLAB Runtime\v911\runtime\win64;C:\Program Files\MATLAB\R2023a\runtime\win64;C:\Program Files\MATLAB\R2023a\bin;C:\Program Files\Git\cmd;C:\Users\acera\AppData\Local\Microsoft\WindowsApps;C:\Program Files\JetBrains\IntelliJ IDEA Community Edition 2023.2.2\bin
USERNAME=Mutiara
DISPLAY=:0.0
LC_ALL=en_US.UTF-8
TERM=xterm-256color
TMPDIR=C:\Users\acera\AppData\Local\Temp
OS=Windows_NT
PROCESSOR_IDENTIFIER=AMD64 Family 23 Model 24 Stepping 1, AuthenticAMD
TMP=C:\Users\acera\AppData\Local\Temp
TEMP=C:\Users\acera\AppData\Local\Temp


JNI global refs:
JNI global refs: 0, weak refs: 0

JNI global refs memory usage: 0, weak refs: 0

OOME stack traces (most recent first):
Classloader memory used:


---------------  S Y S T E M  ---------------

OS:
 Windows 11 , 64 bit Build 22621 (10.0.22621.2428)
OS uptime: 0 days 1:35 hours
Hyper-V role detected

CPU: total 4 (initial active 4) (4 cores per cpu, 2 threads per core) family 23 model 24 stepping 1 microcode 0x0, cx8, cmov, fxsr, ht, mmx, 3dnowpref, sse, sse2, sse3, ssse3, sse4a, sse4.1, sse4.2, popcnt, lzcnt, tsc, tscinvbit, avx, avx2, aes, clmul, bmi1, bmi2, adx, sha, fma, vzeroupper, clflush, clflushopt, hv
Processor Information for all 4 processors :
  Max Mhz: 2600, Current Mhz: 2600, Mhz Limit: 2600

Memory: 4k page, system-wide physical 6081M (1455M free)
TotalPageFile size 6081M (AvailPageFile size 31M)
current process WorkingSet (physical memory assigned to process): 11M, peak: 11M
current process commit charge ("private bytes"): 51M, peak: 147M

vm_info: OpenJDK 64-Bit Server VM (17.0.8+7-b1000.22) for windows-amd64 JRE (17.0.8+7-b1000.22), built on 2023-09-02 by "builduser" with MS VC++ 16.10 / 16.11 (VS2019)

END.
